<?xml version="1.0" encoding="UTF-8"?>
<!-- Generated by org.testng.reporters.JUnitReportReporter -->
<testsuite hostname="LAPTOP-AADHNP75" failures="0" tests="1" name="testCases.TC003_LoginTest" time="1.774" errors="0" timestamp="30 Jul 2024 11:52:32 GMT" skipped="0">
  <testcase classname="testCases.TC003_LoginTest" name="verifyLogin" time="1.774"/>
</testsuite> <!-- testCases.TC003_LoginTest -->
