<?xml version="1.0" encoding="UTF-8"?>
<!-- Generated by org.testng.reporters.JUnitReportReporter -->
<testsuite hostname="LAPTOP-AADHNP75" failures="0" tests="4" name="testCases.TC002_RegistrationPageTest" time="17.919" errors="0" timestamp="30 Jul 2024 10:02:39 GMT" skipped="0">
  <testcase classname="testCases.TC002_RegistrationPageTest" name="userRegistration" time="4.378"/>
  <testcase classname="testCases.TC002_RegistrationPageTest" name="userRegistration" time="4.386"/>
  <testcase classname="testCases.TC002_RegistrationPageTest" name="userRegistration" time="4.272"/>
  <testcase classname="testCases.TC002_RegistrationPageTest" name="userRegistration" time="4.883"/>
</testsuite> <!-- testCases.TC002_RegistrationPageTest -->
