<?xml version="1.0" encoding="UTF-8"?>
<!-- Generated by org.testng.reporters.JUnitReportReporter -->
<testsuite hostname="LAPTOP-AADHNP75" failures="0" tests="1" name="testCases.TC001_HomePageTest" time="0.967" errors="0" timestamp="30 Jul 2024 09:00:52 GMT" skipped="0">
  <testcase classname="testCases.TC001_HomePageTest" name="verifyHomePage" time="0.967"/>
</testsuite> <!-- testCases.TC001_HomePageTest -->
